#
# There is insufficient memory for the Java Runtime Environment to continue.
# Native memory allocation (malloc) failed to allocate 1048576 bytes. Error detail: AllocateHeap
# Possible reasons:
#   The system is out of physical RAM or swap space
#   This process is running with CompressedOops enabled, and the Java Heap may be blocking the growth of the native heap
# Possible solutions:
#   Reduce memory load on the system
#   Increase physical memory or swap space
#   Check if swap backing store is full
#   Decrease Java heap size (-Xmx/-Xms)
#   Decrease number of Java threads
#   Decrease Java thread stack sizes (-Xss)
#   Set larger code cache with -XX:ReservedCodeCacheSize=
#   JVM is running with Unscaled Compressed Oops mode in which the Java heap is
#     placed in the first 4GB address space. The Java Heap base address is the
#     maximum limit for the native heap growth. Please use -XX:HeapBaseMinAddress
#     to set the Java Heap base and to place the Java Heap above 4GB virtual address.
# This output file may be truncated or incomplete.
#
#  Out of Memory Error (allocation.cpp:44), pid=3564, tid=21032
#
# JRE version: OpenJDK Runtime Environment Temurin-21.0.8+9 (21.0.8+9) (build 21.0.8+9-LTS)
# Java VM: OpenJDK 64-Bit Server VM Temurin-21.0.8+9 (21.0.8+9-LTS, mixed mode, sharing, tiered, compressed oops, compressed class ptrs, parallel gc, windows-amd64)
# No core dump will be written. Minidumps are not enabled by default on client versions of Windows
#

---------------  S U M M A R Y ------------

Command Line: --add-modules=ALL-SYSTEM --add-opens=java.base/java.util=ALL-UNNAMED --add-opens=java.base/java.lang=ALL-UNNAMED --add-opens=java.base/sun.nio.fs=ALL-UNNAMED -Declipse.application=org.eclipse.jdt.ls.core.id1 -Dosgi.bundles.defaultStartLevel=4 -Declipse.product=org.eclipse.jdt.ls.core.product -Djava.import.generatesMetadataFilesAtProjectRoot=false -DDetectVMInstallationsJob.disabled=true -Dfile.encoding=utf8 -XX:+UseParallelGC -XX:GCTimeRatio=4 -XX:AdaptiveSizePolicyWeight=90 -Dsun.zip.disableMemoryMapping=true -Xmx2G -Xms100m -Xlog:disable -javaagent:c:\Users\monitor\.vscode\extensions\redhat.java-1.46.0-win32-x64\lombok\lombok-1.18.39-4050.jar -XX:+HeapDumpOnOutOfMemoryError -XX:HeapDumpPath=c:\Users\monitor\AppData\Roaming\Code\User\workspaceStorage\6b50f5073e52ac6bebca02b824410f59\redhat.java -Daether.dependencyCollector.impl=bf c:\Users\monitor\.vscode\extensions\redhat.java-1.46.0-win32-x64\server\plugins\org.eclipse.equinox.launcher_1.7.0.v20250519-0528.jar -configuration c:\Users\monitor\AppData\Roaming\Code\User\globalStorage\redhat.java\1.46.0\config_win -data c:\Users\monitor\AppData\Roaming\Code\User\workspaceStorage\6b50f5073e52ac6bebca02b824410f59\redhat.java\jdt_ws --pipe=\\.\pipe\lsp-16093ab2522237cc677a34159a86fe79-sock

Host: Intel(R) Core(TM) i7-8700 CPU @ 3.20GHz, 12 cores, 15G,  Windows 11 , 64 bit Build 26100 (10.0.26100.4768)
Time: Wed Oct 15 17:25:11 2025 SA Pacific Standard Time elapsed time: 246.570859 seconds (0d 0h 4m 6s)

---------------  T H R E A D  ---------------

Current thread (0x0000027e6e087760):  JavaThread "Attach Listener" daemon [_thread_in_vm, id=21032, stack(0x000000aa0ad00000,0x000000aa0ae00000) (1024K)]

Stack: [0x000000aa0ad00000,0x000000aa0ae00000]
Native frames: (J=compiled Java code, j=interpreted, Vv=VM code, C=native code)
V  [jvm.dll+0x6d2449]
V  [jvm.dll+0x8ae341]
V  [jvm.dll+0x8b08be]
V  [jvm.dll+0x8b0fa3]
V  [jvm.dll+0x280c96]
V  [jvm.dll+0xc0347]
V  [jvm.dll+0x6d2cf9]
V  [jvm.dll+0x131116]
V  [jvm.dll+0x3f2d16]
V  [jvm.dll+0x857e6b]
V  [jvm.dll+0x6d0b0d]
C  [ucrtbase.dll+0x37b0]
C  [KERNEL32.DLL+0x2e8d7]
C  [ntdll.dll+0x3c34c]


---------------  P R O C E S S  ---------------

Threads class SMR info:
_java_thread_list=0x0000027e51f9ee10, length=66, elements={
0x0000027e6dfddbf0, 0x0000027e6e080f70, 0x0000027e6e081af0, 0x0000027e6e086760,
0x0000027e6e087760, 0x0000027e6e089910, 0x0000027e6e08de10, 0x0000027e76ce20b0,
0x0000027e76ce9890, 0x0000027e76dab8f0, 0x0000027e7702fe40, 0x0000027e7c6f90c0,
0x0000027e7c8fc6a0, 0x0000027e7c7b7850, 0x0000027e7cb0a3d0, 0x0000027e7d01ca80,
0x0000027e7cad5850, 0x0000027e7cb71f20, 0x0000027e7cb704e0, 0x0000027e7cb70b70,
0x0000027e7cb71890, 0x0000027e7cb732d0, 0x0000027e7dfaac80, 0x0000027e7dfab310,
0x0000027e7dfacd50, 0x0000027e7dfac6c0, 0x0000027e7dfad3e0, 0x0000027e7dfac030,
0x0000027e7dfa9f60, 0x0000027e7dfada70, 0x0000027e7dfaa5f0, 0x0000027e7dfb0ef0,
0x0000027e7dfb1580, 0x0000027e7dfafb40, 0x0000027e7dfb01d0, 0x0000027e7dfb0860,
0x0000027e7dfaf4b0, 0x0000027e7dfae100, 0x0000027e50b2dd70, 0x0000027e50b2ea90,
0x0000027e50b2d6e0, 0x0000027e50b2e400, 0x0000027e50b2f120, 0x0000027e50b2fe40,
0x0000027e50b2c9c0, 0x0000027e50b304d0, 0x0000027e50b2d050, 0x0000027e50b325a0,
0x0000027e50b33fe0, 0x0000027e50b30b60, 0x0000027e50b311f0, 0x0000027e50b31880,
0x0000027e50b33950, 0x0000027e7d41e3c0, 0x0000027e7d420490, 0x0000027e7d420b20,
0x0000027e7d41ea50, 0x0000027e7d41f0e0, 0x0000027e7d41f770, 0x0000027e7d41fe00,
0x0000027e7d41d6a0, 0x0000027e7d423910, 0x0000027e7d421840, 0x0000027e7d421ed0,
0x0000027e7d422bf0, 0x0000027e7d423280
}

Java Threads: ( => current thread )
  0x0000027e6dfddbf0 JavaThread "main"                              [_thread_blocked, id=18404, stack(0x000000aa0a600000,0x000000aa0a700000) (1024K)]
  0x0000027e6e080f70 JavaThread "Reference Handler"          daemon [_thread_blocked, id=18056, stack(0x000000aa0aa00000,0x000000aa0ab00000) (1024K)]
  0x0000027e6e081af0 JavaThread "Finalizer"                  daemon [_thread_blocked, id=19248, stack(0x000000aa0ab00000,0x000000aa0ac00000) (1024K)]
  0x0000027e6e086760 JavaThread "Signal Dispatcher"          daemon [_thread_blocked, id=15688, stack(0x000000aa0ac00000,0x000000aa0ad00000) (1024K)]
=>0x0000027e6e087760 JavaThread "Attach Listener"            daemon [_thread_in_vm, id=21032, stack(0x000000aa0ad00000,0x000000aa0ae00000) (1024K)]
  0x0000027e6e089910 JavaThread "Service Thread"             daemon [_thread_blocked, id=14608, stack(0x000000aa0ae00000,0x000000aa0af00000) (1024K)]
  0x0000027e6e08de10 JavaThread "Monitor Deflation Thread"   daemon [_thread_blocked, id=7608, stack(0x000000aa0af00000,0x000000aa0b000000) (1024K)]
  0x0000027e76ce20b0 JavaThread "C2 CompilerThread0"         daemon [_thread_blocked, id=19292, stack(0x000000aa0b000000,0x000000aa0b100000) (1024K)]
  0x0000027e76ce9890 JavaThread "C1 CompilerThread0"         daemon [_thread_blocked, id=11820, stack(0x000000aa0b100000,0x000000aa0b200000) (1024K)]
  0x0000027e76dab8f0 JavaThread "Common-Cleaner"             daemon [_thread_blocked, id=17188, stack(0x000000aa0b200000,0x000000aa0b300000) (1024K)]
  0x0000027e7702fe40 JavaThread "Notification Thread"        daemon [_thread_blocked, id=20188, stack(0x000000aa0b400000,0x000000aa0b500000) (1024K)]
  0x0000027e7c6f90c0 JavaThread "Active Thread: Equinox Container: 407dd97f-993f-4907-acaa-b9cf78a7d0a1"        [_thread_blocked, id=21744, stack(0x000000aa0bc00000,0x000000aa0bd00000) (1024K)]
  0x0000027e7c8fc6a0 JavaThread "Refresh Thread: Equinox Container: 407dd97f-993f-4907-acaa-b9cf78a7d0a1" daemon [_thread_blocked, id=21752, stack(0x000000aa0be00000,0x000000aa0bf00000) (1024K)]
  0x0000027e7c7b7850 JavaThread "Framework Event Dispatcher: Equinox Container: 407dd97f-993f-4907-acaa-b9cf78a7d0a1" daemon [_thread_blocked, id=21756, stack(0x000000aa0bf00000,0x000000aa0c000000) (1024K)]
  0x0000027e7cb0a3d0 JavaThread "Start Level: Equinox Container: 407dd97f-993f-4907-acaa-b9cf78a7d0a1" daemon [_thread_blocked, id=21760, stack(0x000000aa0c000000,0x000000aa0c100000) (1024K)]
  0x0000027e7d01ca80 JavaThread "Bundle File Closer"         daemon [_thread_blocked, id=22156, stack(0x000000aa0c300000,0x000000aa0c400000) (1024K)]
  0x0000027e7cad5850 JavaThread "SCR Component Actor"        daemon [_thread_blocked, id=22236, stack(0x000000aa0bb00000,0x000000aa0bc00000) (1024K)]
  0x0000027e7cb71f20 JavaThread "Worker-JM"                         [_thread_blocked, id=22428, stack(0x000000aa0c500000,0x000000aa0c600000) (1024K)]
  0x0000027e7cb704e0 JavaThread "Worker-0"                          [_thread_blocked, id=22444, stack(0x000000aa0c600000,0x000000aa0c700000) (1024K)]
  0x0000027e7cb70b70 JavaThread "Java indexing"              daemon [_thread_blocked, id=20532, stack(0x000000aa0c400000,0x000000aa0c500000) (1024K)]
  0x0000027e7cb71890 JavaThread "JNA Cleaner"                daemon [_thread_blocked, id=17772, stack(0x000000aa0ca00000,0x000000aa0cb00000) (1024K)]
  0x0000027e7cb732d0 JavaThread "Worker-4"                          [_thread_blocked, id=21892, stack(0x000000aa0ce00000,0x000000aa0cf00000) (1024K)]
  0x0000027e7dfaac80 JavaThread "Thread-1"                   daemon [_thread_in_native, id=21904, stack(0x000000aa0d000000,0x000000aa0d100000) (1024K)]
  0x0000027e7dfab310 JavaThread "Thread-2"                   daemon [_thread_in_native, id=21888, stack(0x000000aa0d100000,0x000000aa0d200000) (1024K)]
  0x0000027e7dfacd50 JavaThread "Thread-3"                   daemon [_thread_in_native, id=21820, stack(0x000000aa0d200000,0x000000aa0d300000) (1024K)]
  0x0000027e7dfac6c0 JavaThread "Thread-4"                   daemon [_thread_in_native, id=21824, stack(0x000000aa0d300000,0x000000aa0d400000) (1024K)]
  0x0000027e7dfad3e0 JavaThread "Thread-5"                   daemon [_thread_in_native, id=21828, stack(0x000000aa0d400000,0x000000aa0d500000) (1024K)]
  0x0000027e7dfac030 JavaThread "Thread-6"                   daemon [_thread_in_native, id=21832, stack(0x000000aa0d500000,0x000000aa0d600000) (1024K)]
  0x0000027e7dfa9f60 JavaThread "Thread-7"                   daemon [_thread_in_native, id=21836, stack(0x000000aa0d600000,0x000000aa0d700000) (1024K)]
  0x0000027e7dfada70 JavaThread "Thread-8"                   daemon [_thread_in_native, id=21816, stack(0x000000aa0d700000,0x000000aa0d800000) (1024K)]
  0x0000027e7dfaa5f0 JavaThread "Thread-9"                   daemon [_thread_in_native, id=21880, stack(0x000000aa0d800000,0x000000aa0d900000) (1024K)]
  0x0000027e7dfb0ef0 JavaThread "Thread-10"                  daemon [_thread_in_native, id=21812, stack(0x000000aa0d900000,0x000000aa0da00000) (1024K)]
  0x0000027e7dfb1580 JavaThread "Thread-11"                  daemon [_thread_in_native, id=21712, stack(0x000000aa0da00000,0x000000aa0db00000) (1024K)]
  0x0000027e7dfafb40 JavaThread "Thread-12"                  daemon [_thread_in_native, id=21708, stack(0x000000aa0db00000,0x000000aa0dc00000) (1024K)]
  0x0000027e7dfb01d0 JavaThread "Thread-13"                  daemon [_thread_in_native, id=21720, stack(0x000000aa0dc00000,0x000000aa0dd00000) (1024K)]
  0x0000027e7dfb0860 JavaThread "pool-2-thread-1"                   [_thread_blocked, id=21724, stack(0x000000aa0dd00000,0x000000aa0de00000) (1024K)]
  0x0000027e7dfaf4b0 JavaThread "WorkspaceEventsHandler"            [_thread_blocked, id=21932, stack(0x000000aa0df00000,0x000000aa0e000000) (1024K)]
  0x0000027e7dfae100 JavaThread "pool-1-thread-1"                   [_thread_blocked, id=21928, stack(0x000000aa0e000000,0x000000aa0e100000) (1024K)]
  0x0000027e50b2dd70 JavaThread "Compiler Source File Reader" daemon [_thread_blocked, id=13748, stack(0x000000aa0e200000,0x000000aa0e300000) (1024K)]
  0x0000027e50b2ea90 JavaThread "Compiler Source File Reader" daemon [_thread_blocked, id=22520, stack(0x000000aa0e300000,0x000000aa0e400000) (1024K)]
  0x0000027e50b2d6e0 JavaThread "Compiler Source File Reader" daemon [_thread_blocked, id=10976, stack(0x000000aa0e400000,0x000000aa0e500000) (1024K)]
  0x0000027e50b2e400 JavaThread "Compiler Source File Reader" daemon [_thread_blocked, id=19156, stack(0x000000aa0e500000,0x000000aa0e600000) (1024K)]
  0x0000027e50b2f120 JavaThread "Compiler Source File Reader" daemon [_thread_blocked, id=22488, stack(0x000000aa0e600000,0x000000aa0e700000) (1024K)]
  0x0000027e50b2fe40 JavaThread "Compiler Source File Reader" daemon [_thread_blocked, id=14208, stack(0x000000aa0e700000,0x000000aa0e800000) (1024K)]
  0x0000027e50b2c9c0 JavaThread "Compiler Source File Reader" daemon [_thread_blocked, id=21788, stack(0x000000aa0e800000,0x000000aa0e900000) (1024K)]
  0x0000027e50b304d0 JavaThread "Compiler Source File Reader" daemon [_thread_blocked, id=15520, stack(0x000000aa0e900000,0x000000aa0ea00000) (1024K)]
  0x0000027e50b2d050 JavaThread "Compiler Source File Reader" daemon [_thread_blocked, id=21796, stack(0x000000aa0ea00000,0x000000aa0eb00000) (1024K)]
  0x0000027e50b325a0 JavaThread "Compiler Source File Reader" daemon [_thread_blocked, id=21656, stack(0x000000aa0eb00000,0x000000aa0ec00000) (1024K)]
  0x0000027e50b33fe0 JavaThread "ForkJoinPool.commonPool-worker-1" daemon [_thread_blocked, id=21676, stack(0x000000aa0ec00000,0x000000aa0ed00000) (1024K)]
  0x0000027e50b30b60 JavaThread "Compiler Class File Writer" daemon [_thread_blocked, id=10116, stack(0x000000aa0ee00000,0x000000aa0ef00000) (1024K)]
  0x0000027e50b311f0 JavaThread "Compiler Class File Writer" daemon [_thread_blocked, id=13556, stack(0x000000aa0ef00000,0x000000aa0f000000) (1024K)]
  0x0000027e50b31880 JavaThread "Compiler Class File Writer" daemon [_thread_blocked, id=21844, stack(0x000000aa0f000000,0x000000aa0f100000) (1024K)]
  0x0000027e50b33950 JavaThread "Compiler Class File Writer" daemon [_thread_blocked, id=22232, stack(0x000000aa0f100000,0x000000aa0f200000) (1024K)]
  0x0000027e7d41e3c0 JavaThread "ForkJoinPool.commonPool-worker-2" daemon [_thread_blocked, id=9116, stack(0x000000aa0f200000,0x000000aa0f300000) (1024K)]
  0x0000027e7d420490 JavaThread "ForkJoinPool.commonPool-worker-4" daemon [_thread_blocked, id=19976, stack(0x000000aa0f400000,0x000000aa0f500000) (1024K)]
  0x0000027e7d420b20 JavaThread "ForkJoinPool.commonPool-worker-5" daemon [_thread_blocked, id=18552, stack(0x000000aa0f500000,0x000000aa0f600000) (1024K)]
  0x0000027e7d41ea50 JavaThread "Compiler Class File Writer" daemon [_thread_blocked, id=21976, stack(0x000000aa0f600000,0x000000aa0f700000) (1024K)]
  0x0000027e7d41f0e0 JavaThread "Compiler Class File Writer" daemon [_thread_blocked, id=6788, stack(0x000000aa0f700000,0x000000aa0f800000) (1024K)]
  0x0000027e7d41f770 JavaThread "Compiler Class File Writer" daemon [_thread_blocked, id=22116, stack(0x000000aa0f800000,0x000000aa0f900000) (1024K)]
  0x0000027e7d41fe00 JavaThread "Compiler Class File Writer" daemon [_thread_blocked, id=2052, stack(0x000000aa0f900000,0x000000aa0fa00000) (1024K)]
  0x0000027e7d41d6a0 JavaThread "Compiler Class File Writer" daemon [_thread_blocked, id=12796, stack(0x000000aa0fa00000,0x000000aa0fb00000) (1024K)]
  0x0000027e7d423910 JavaThread "Compiler Class File Writer" daemon [_thread_blocked, id=22100, stack(0x000000aa0fb00000,0x000000aa0fc00000) (1024K)]
  0x0000027e7d421840 JavaThread "ForkJoinPool.commonPool-worker-7" daemon [_thread_blocked, id=22020, stack(0x000000aa0de00000,0x000000aa0df00000) (1024K)]
  0x0000027e7d421ed0 JavaThread "ForkJoinPool.commonPool-worker-9" daemon [_thread_blocked, id=2608, stack(0x000000aa0fe00000,0x000000aa0ff00000) (1024K)]
  0x0000027e7d422bf0 JavaThread "ForkJoinPool.commonPool-worker-10" daemon [_thread_blocked, id=20800, stack(0x000000aa0ff00000,0x000000aa10000000) (1024K)]
  0x0000027e7d423280 JavaThread "ForkJoinPool.commonPool-worker-11" daemon [_thread_blocked, id=16464, stack(0x000000aa10000000,0x000000aa10100000) (1024K)]
Total: 66

Other Threads:
  0x0000027e6df74960 VMThread "VM Thread"                           [id=19304, stack(0x000000aa0a900000,0x000000aa0aa00000) (1024K)]
  0x0000027e6de6ca00 WatcherThread "VM Periodic Task Thread"        [id=16788, stack(0x000000aa0a800000,0x000000aa0a900000) (1024K)]
  0x0000027e6dffc470 WorkerThread "GC Thread#0"                     [id=17292, stack(0x000000aa0a700000,0x000000aa0a800000) (1024K)]
  0x0000027e7c11e9b0 WorkerThread "GC Thread#1"                     [id=21564, stack(0x000000aa0b500000,0x000000aa0b600000) (1024K)]
  0x0000027e7c0cd990 WorkerThread "GC Thread#2"                     [id=21568, stack(0x000000aa0b600000,0x000000aa0b700000) (1024K)]
  0x0000027e7c0cdd30 WorkerThread "GC Thread#3"                     [id=21572, stack(0x000000aa0b700000,0x000000aa0b800000) (1024K)]
  0x0000027e7c0ce0d0 WorkerThread "GC Thread#4"                     [id=21576, stack(0x000000aa0b800000,0x000000aa0b900000) (1024K)]
  0x0000027e7c0ce470 WorkerThread "GC Thread#5"                     [id=21580, stack(0x000000aa0b900000,0x000000aa0ba00000) (1024K)]
  0x0000027e7c0ce810 WorkerThread "GC Thread#6"                     [id=21584, stack(0x000000aa0ba00000,0x000000aa0bb00000) (1024K)]
  0x0000027e7c78bee0 WorkerThread "GC Thread#7"                     [id=21748, stack(0x000000aa0bd00000,0x000000aa0be00000) (1024K)]
  0x0000027e7ca5b270 WorkerThread "GC Thread#8"                     [id=22056, stack(0x000000aa0c100000,0x000000aa0c200000) (1024K)]
  0x0000027e7cb2ca70 WorkerThread "GC Thread#9"                     [id=22060, stack(0x000000aa0c200000,0x000000aa0c300000) (1024K)]
Total: 12

Threads with active compile tasks:
Total: 0

VM state: not at safepoint (normal execution)

VM Mutex/Monitor currently owned by a thread: None

Heap address: 0x0000000080000000, size: 2048 MB, Compressed Oops mode: 32-bit

CDS archive(s) mapped at: [0x0000027e0f000000-0x0000027e0fba0000-0x0000027e0fba0000), size 12189696, SharedBaseAddress: 0x0000027e0f000000, ArchiveRelocationMode: 1.
Compressed class space mapped at: 0x0000027e10000000-0x0000027e50000000, reserved size: 1073741824
Narrow klass base: 0x0000027e0f000000, Narrow klass shift: 0, Narrow klass range: 0x100000000

GC Precious Log:
 CardTable entry size: 512
 CPUs: 12 total, 12 available
 Memory: 16207M
 Large Page Support: Disabled
 NUMA Support: Disabled
 Compressed Oops: Enabled (32-bit)
 Alignments: Space 512K, Generation 512K, Heap 2M
 Heap Min Capacity: 100M
 Heap Initial Capacity: 100M
 Heap Max Capacity: 2G
 Pre-touch: Disabled
 Parallel Workers: 10

Heap:
 PSYoungGen      total 2048K, used 571K [0x00000000d5580000, 0x00000000d5a00000, 0x0000000100000000)
  eden space 1536K, 3% used [0x00000000d5580000,0x00000000d558ec90,0x00000000d5700000)
  from space 512K, 100% used [0x00000000d5980000,0x00000000d5a00000,0x00000000d5a00000)
  to   space 1024K, 0% used [0x00000000d5800000,0x00000000d5800000,0x00000000d5900000)
 ParOldGen       total 736768K, used 736654K [0x0000000080000000, 0x00000000acf80000, 0x00000000d5580000)
  object space 736768K, 99% used [0x0000000080000000,0x00000000acf639d0,0x00000000acf80000)
 Metaspace       used 73590K, committed 75072K, reserved 1179648K
  class space    used 7809K, committed 8448K, reserved 1048576K

Card table byte_map: [0x0000027e6d980000,0x0000027e6dd90000] _byte_map_base: 0x0000027e6d580000

Marking Bits: (ParMarkBitMap*) 0x00007ff96259a340
 Begin Bits: [0x0000027e71480000, 0x0000027e73480000)
 End Bits:   [0x0000027e73480000, 0x0000027e75480000)

Polling page: 0x0000027e6bbf0000

Metaspace:

Usage:
  Non-class:     64.24 MB used.
      Class:      7.63 MB used.
       Both:     71.87 MB used.

Virtual space:
  Non-class space:      128.00 MB reserved,      65.06 MB ( 51%) committed,  2 nodes.
      Class space:        1.00 GB reserved,       8.25 MB ( <1%) committed,  1 nodes.
             Both:        1.12 GB reserved,      73.31 MB (  6%) committed. 

Chunk freelists:
   Non-Class:  14.33 MB
       Class:  7.75 MB
        Both:  22.08 MB

MaxMetaspaceSize: unlimited
CompressedClassSpaceSize: 1.00 GB
Initial GC threshold: 21.00 MB
Current GC threshold: 97.31 MB
CDS: on
 - commit_granule_bytes: 65536.
 - commit_granule_words: 8192.
 - virtual_space_node_default_size: 8388608.
 - enlarge_chunks_in_place: 1.
 - use_allocation_guard: 0.


Internal statistics:

num_allocs_failed_limit: 9.
num_arena_births: 1320.
num_arena_deaths: 34.
num_vsnodes_births: 3.
num_vsnodes_deaths: 0.
num_space_committed: 1173.
num_space_uncommitted: 0.
num_chunks_returned_to_freelist: 53.
num_chunks_taken_from_freelist: 4644.
num_chunk_merges: 18.
num_chunk_splits: 2843.
num_chunks_enlarged: 1641.
num_inconsistent_stats: 0.

CodeHeap 'non-profiled nmethods': size=120000Kb used=11643Kb max_used=11643Kb free=108356Kb
 bounds [0x0000027e07ad0000, 0x0000027e08630000, 0x0000027e0f000000]
CodeHeap 'profiled nmethods': size=120000Kb used=31769Kb max_used=31769Kb free=88230Kb
 bounds [0x0000027e00000000, 0x0000027e01f10000, 0x0000027e07530000]
CodeHeap 'non-nmethods': size=5760Kb used=1478Kb max_used=1651Kb free=4282Kb
 bounds [0x0000027e07530000, 0x0000027e077a0000, 0x0000027e07ad0000]
CodeCache: size=245760Kb, used=44890Kb, max_used=45063Kb, free=200868Kb
 total_blobs=14633, nmethods=13843, adapters=694, full_count=0
Compilation: enabled, stopped_count=0, restarted_count=0

Compilation events (20 events):
Event: 120.701 Thread 0x0000027e7db02950 14504       4       org.eclipse.jdt.internal.core.JavaModelCache::getInfo (156 bytes)
Event: 120.728 Thread 0x0000027e508c74f0 nmethod 14492 0x0000027e08617290 code [0x0000027e086176a0, 0x0000027e0861a230]
Event: 120.728 Thread 0x0000027e508c74f0 14549       4       org.eclipse.jdt.internal.compiler.lookup.LookupEnvironment::getTypeFromConstantPoolName (111 bytes)
Event: 120.734 Thread 0x0000027e7db02950 nmethod 14504 0x0000027e0861b410 code [0x0000027e0861b7c0, 0x0000027e0861dc50]
Event: 120.735 Thread 0x0000027e7db02950 14543       4       org.eclipse.jdt.internal.compiler.lookup.ModuleBinding::completeIfNeeded (53 bytes)
Event: 120.736 Thread 0x0000027e7db02950 nmethod 14543 0x0000027e0861eb10 code [0x0000027e0861ecc0, 0x0000027e0861ef10]
Event: 120.736 Thread 0x0000027e7db02950 14493       4       org.eclipse.core.runtime.Path::toFile (12 bytes)
Event: 120.739 Thread 0x0000027e7db02950 nmethod 14493 0x0000027e0861f110 code [0x0000027e0861f300, 0x0000027e0861f818]
Event: 120.750 Thread 0x0000027e508c74f0 nmethod 14549 0x0000027e0861fd10 code [0x0000027e08620080, 0x0000027e08621300]
Event: 120.751 Thread 0x0000027e76ce20b0 nmethod 14486 0x0000027e08622290 code [0x0000027e08622d20, 0x0000027e0862a738]
Event: 122.696 Thread 0x0000027e76ce9890 14560       3       java.util.concurrent.ScheduledThreadPoolExecutor::canRunInCurrentRunState (61 bytes)
Event: 122.696 Thread 0x0000027e76ce9890 nmethod 14560 0x0000027e01f04790 code [0x0000027e01f049a0, 0x0000027e01f05150]
Event: 129.035 Thread 0x0000027e76ce20b0 14561       4       jdk.internal.misc.Unsafe::putReferenceOpaque (9 bytes)
Event: 129.036 Thread 0x0000027e76ce20b0 nmethod 14561 0x0000027e0862e890 code [0x0000027e0862ea20, 0x0000027e0862ead0]
Event: 152.742 Thread 0x0000027e76ce9890 14562       1       java.util.concurrent.ThreadPoolExecutor::getQueue (5 bytes)
Event: 152.742 Thread 0x0000027e76ce9890 nmethod 14562 0x0000027e0862eb90 code [0x0000027e0862ed20, 0x0000027e0862ede8]
Event: 246.176 Thread 0x0000027e76ce9890 14563   !   3       java.util.concurrent.locks.AbstractQueuedSynchronizer$ConditionObject::newConditionNode (78 bytes)
Event: 246.176 Thread 0x0000027e76ce9890 nmethod 14563 0x0000027e01f05390 code [0x0000027e01f05600, 0x0000027e01f05de0]
Event: 246.176 Thread 0x0000027e76ce9890 14564       3       java.util.concurrent.locks.AbstractQueuedSynchronizer$ConditionNode::<init> (5 bytes)
Event: 246.176 Thread 0x0000027e76ce9890 nmethod 14564 0x0000027e01f06090 code [0x0000027e01f06240, 0x0000027e01f06408]

GC Heap History (20 events):
Event: 47.410 GC heap before
{Heap before GC invocations=862 (full 3):
 PSYoungGen      total 2048K, used 2047K [0x00000000d5580000, 0x00000000d5c80000, 0x0000000100000000)
  eden space 1024K, 99% used [0x00000000d5580000,0x00000000d567fff0,0x00000000d5680000)
  from space 1024K, 100% used [0x00000000d5900000,0x00000000d5a00000,0x00000000d5a00000)
  to   space 2560K, 0% used [0x00000000d5680000,0x00000000d5680000,0x00000000d5900000)
 ParOldGen       total 729600K, used 729525K [0x0000000080000000, 0x00000000ac880000, 0x00000000d5580000)
  object space 729600K, 99% used [0x0000000080000000,0x00000000ac86d638,0x00000000ac880000)
 Metaspace       used 73134K, committed 74688K, reserved 1179648K
  class space    used 7750K, committed 8448K, reserved 1048576K
}
Event: 47.413 GC heap after
{Heap after GC invocations=862 (full 3):
 PSYoungGen      total 2048K, used 928K [0x00000000d5580000, 0x00000000d5a00000, 0x0000000100000000)
  eden space 1024K, 0% used [0x00000000d5580000,0x00000000d5580000,0x00000000d5680000)
  from space 1024K, 90% used [0x00000000d5680000,0x00000000d5768000,0x00000000d5780000)
  to   space 1536K, 0% used [0x00000000d5880000,0x00000000d5880000,0x00000000d5a00000)
 ParOldGen       total 730624K, used 730598K [0x0000000080000000, 0x00000000ac980000, 0x00000000d5580000)
  object space 730624K, 99% used [0x0000000080000000,0x00000000ac9798c8,0x00000000ac980000)
 Metaspace       used 73134K, committed 74688K, reserved 1179648K
  class space    used 7750K, committed 8448K, reserved 1048576K
}
Event: 47.442 GC heap before
{Heap before GC invocations=863 (full 3):
 PSYoungGen      total 2048K, used 1952K [0x00000000d5580000, 0x00000000d5a00000, 0x0000000100000000)
  eden space 1024K, 100% used [0x00000000d5580000,0x00000000d5680000,0x00000000d5680000)
  from space 1024K, 90% used [0x00000000d5680000,0x00000000d5768000,0x00000000d5780000)
  to   space 1536K, 0% used [0x00000000d5880000,0x00000000d5880000,0x00000000d5a00000)
 ParOldGen       total 730624K, used 730598K [0x0000000080000000, 0x00000000ac980000, 0x00000000d5580000)
  object space 730624K, 99% used [0x0000000080000000,0x00000000ac9798c8,0x00000000ac980000)
 Metaspace       used 73134K, committed 74688K, reserved 1179648K
  class space    used 7750K, committed 8448K, reserved 1048576K
}
Event: 47.444 GC heap after
{Heap after GC invocations=863 (full 3):
 PSYoungGen      total 3072K, used 1056K [0x00000000d5580000, 0x00000000d5a00000, 0x0000000100000000)
  eden space 1536K, 0% used [0x00000000d5580000,0x00000000d5580000,0x00000000d5700000)
  from space 1536K, 68% used [0x00000000d5880000,0x00000000d5988000,0x00000000d5a00000)
  to   space 1536K, 0% used [0x00000000d5700000,0x00000000d5700000,0x00000000d5880000)
 ParOldGen       total 731648K, used 731454K [0x0000000080000000, 0x00000000aca80000, 0x00000000d5580000)
  object space 731648K, 99% used [0x0000000080000000,0x00000000aca4f8c8,0x00000000aca80000)
 Metaspace       used 73134K, committed 74688K, reserved 1179648K
  class space    used 7750K, committed 8448K, reserved 1048576K
}
Event: 47.470 GC heap before
{Heap before GC invocations=864 (full 3):
 PSYoungGen      total 3072K, used 2585K [0x00000000d5580000, 0x00000000d5a00000, 0x0000000100000000)
  eden space 1536K, 99% used [0x00000000d5580000,0x00000000d56fe550,0x00000000d5700000)
  from space 1536K, 68% used [0x00000000d5880000,0x00000000d5988000,0x00000000d5a00000)
  to   space 1536K, 0% used [0x00000000d5700000,0x00000000d5700000,0x00000000d5880000)
 ParOldGen       total 731648K, used 731454K [0x0000000080000000, 0x00000000aca80000, 0x00000000d5580000)
  object space 731648K, 99% used [0x0000000080000000,0x00000000aca4f8c8,0x00000000aca80000)
 Metaspace       used 73135K, committed 74688K, reserved 1179648K
  class space    used 7750K, committed 8448K, reserved 1048576K
}
Event: 47.473 GC heap after
{Heap after GC invocations=864 (full 3):
 PSYoungGen      total 3072K, used 1536K [0x00000000d5580000, 0x00000000d5d80000, 0x0000000100000000)
  eden space 1536K, 0% used [0x00000000d5580000,0x00000000d5580000,0x00000000d5700000)
  from space 1536K, 100% used [0x00000000d5700000,0x00000000d5880000,0x00000000d5880000)
  to   space 3072K, 0% used [0x00000000d5a80000,0x00000000d5a80000,0x00000000d5d80000)
 ParOldGen       total 732672K, used 732398K [0x0000000080000000, 0x00000000acb80000, 0x00000000d5580000)
  object space 732672K, 99% used [0x0000000080000000,0x00000000acb3b8c8,0x00000000acb80000)
 Metaspace       used 73135K, committed 74688K, reserved 1179648K
  class space    used 7750K, committed 8448K, reserved 1048576K
}
Event: 120.422 GC heap before
{Heap before GC invocations=865 (full 3):
 PSYoungGen      total 3072K, used 3072K [0x00000000d5580000, 0x00000000d5d80000, 0x0000000100000000)
  eden space 1536K, 100% used [0x00000000d5580000,0x00000000d5700000,0x00000000d5700000)
  from space 1536K, 100% used [0x00000000d5700000,0x00000000d5880000,0x00000000d5880000)
  to   space 3072K, 0% used [0x00000000d5a80000,0x00000000d5a80000,0x00000000d5d80000)
 ParOldGen       total 732672K, used 732398K [0x0000000080000000, 0x00000000acb80000, 0x00000000d5580000)
  object space 732672K, 99% used [0x0000000080000000,0x00000000acb3b8c8,0x00000000acb80000)
 Metaspace       used 73342K, committed 74880K, reserved 1179648K
  class space    used 7771K, committed 8448K, reserved 1048576K
}
Event: 120.424 GC heap after
{Heap after GC invocations=865 (full 3):
 PSYoungGen      total 2048K, used 224K [0x00000000d5580000, 0x00000000d5b00000, 0x0000000100000000)
  eden space 1536K, 0% used [0x00000000d5580000,0x00000000d5580000,0x00000000d5700000)
  from space 512K, 43% used [0x00000000d5a80000,0x00000000d5ab8020,0x00000000d5b00000)
  to   space 1536K, 0% used [0x00000000d5800000,0x00000000d5800000,0x00000000d5980000)
 ParOldGen       total 734208K, used 733830K [0x0000000080000000, 0x00000000acd00000, 0x00000000d5580000)
  object space 734208K, 99% used [0x0000000080000000,0x00000000acca18c8,0x00000000acd00000)
 Metaspace       used 73342K, committed 74880K, reserved 1179648K
  class space    used 7771K, committed 8448K, reserved 1048576K
}
Event: 120.437 GC heap before
{Heap before GC invocations=866 (full 3):
 PSYoungGen      total 2048K, used 1760K [0x00000000d5580000, 0x00000000d5b00000, 0x0000000100000000)
  eden space 1536K, 100% used [0x00000000d5580000,0x00000000d5700000,0x00000000d5700000)
  from space 512K, 43% used [0x00000000d5a80000,0x00000000d5ab8020,0x00000000d5b00000)
  to   space 1536K, 0% used [0x00000000d5800000,0x00000000d5800000,0x00000000d5980000)
 ParOldGen       total 734208K, used 733830K [0x0000000080000000, 0x00000000acd00000, 0x00000000d5580000)
  object space 734208K, 99% used [0x0000000080000000,0x00000000acca18c8,0x00000000acd00000)
 Metaspace       used 73490K, committed 75008K, reserved 1179648K
  class space    used 7788K, committed 8448K, reserved 1048576K
}
Event: 120.439 GC heap after
{Heap after GC invocations=866 (full 3):
 PSYoungGen      total 3072K, used 320K [0x00000000d5580000, 0x00000000d5b00000, 0x0000000100000000)
  eden space 1536K, 0% used [0x00000000d5580000,0x00000000d5580000,0x00000000d5700000)
  from space 1536K, 20% used [0x00000000d5800000,0x00000000d5850000,0x00000000d5980000)
  to   space 512K, 0% used [0x00000000d5a80000,0x00000000d5a80000,0x00000000d5b00000)
 ParOldGen       total 734208K, used 733974K [0x0000000080000000, 0x00000000acd00000, 0x00000000d5580000)
  object space 734208K, 99% used [0x0000000080000000,0x00000000accc58e8,0x00000000acd00000)
 Metaspace       used 73490K, committed 75008K, reserved 1179648K
  class space    used 7788K, committed 8448K, reserved 1048576K
}
Event: 120.445 GC heap before
{Heap before GC invocations=867 (full 3):
 PSYoungGen      total 3072K, used 1856K [0x00000000d5580000, 0x00000000d5b00000, 0x0000000100000000)
  eden space 1536K, 100% used [0x00000000d5580000,0x00000000d5700000,0x00000000d5700000)
  from space 1536K, 20% used [0x00000000d5800000,0x00000000d5850000,0x00000000d5980000)
  to   space 512K, 0% used [0x00000000d5a80000,0x00000000d5a80000,0x00000000d5b00000)
 ParOldGen       total 734208K, used 733974K [0x0000000080000000, 0x00000000acd00000, 0x00000000d5580000)
  object space 734208K, 99% used [0x0000000080000000,0x00000000accc58e8,0x00000000acd00000)
 Metaspace       used 73490K, committed 75008K, reserved 1179648K
  class space    used 7788K, committed 8448K, reserved 1048576K
}
Event: 120.448 GC heap after
{Heap after GC invocations=867 (full 3):
 PSYoungGen      total 2048K, used 448K [0x00000000d5580000, 0x00000000d5b00000, 0x0000000100000000)
  eden space 1536K, 0% used [0x00000000d5580000,0x00000000d5580000,0x00000000d5700000)
  from space 512K, 87% used [0x00000000d5a80000,0x00000000d5af0000,0x00000000d5b00000)
  to   space 512K, 0% used [0x00000000d5a00000,0x00000000d5a00000,0x00000000d5a80000)
 ParOldGen       total 734208K, used 734098K [0x0000000080000000, 0x00000000acd00000, 0x00000000d5580000)
  object space 734208K, 99% used [0x0000000080000000,0x00000000acce4ae8,0x00000000acd00000)
 Metaspace       used 73490K, committed 75008K, reserved 1179648K
  class space    used 7788K, committed 8448K, reserved 1048576K
}
Event: 120.459 GC heap before
{Heap before GC invocations=868 (full 3):
 PSYoungGen      total 2048K, used 1952K [0x00000000d5580000, 0x00000000d5b00000, 0x0000000100000000)
  eden space 1536K, 97% used [0x00000000d5580000,0x00000000d56f83f0,0x00000000d5700000)
  from space 512K, 87% used [0x00000000d5a80000,0x00000000d5af0000,0x00000000d5b00000)
  to   space 512K, 0% used [0x00000000d5a00000,0x00000000d5a00000,0x00000000d5a80000)
 ParOldGen       total 734208K, used 734098K [0x0000000080000000, 0x00000000acd00000, 0x00000000d5580000)
  object space 734208K, 99% used [0x0000000080000000,0x00000000acce4ae8,0x00000000acd00000)
 Metaspace       used 73494K, committed 75008K, reserved 1179648K
  class space    used 7788K, committed 8448K, reserved 1048576K
}
Event: 120.461 GC heap after
{Heap after GC invocations=868 (full 3):
 PSYoungGen      total 2048K, used 481K [0x00000000d5580000, 0x00000000d5b00000, 0x0000000100000000)
  eden space 1536K, 0% used [0x00000000d5580000,0x00000000d5580000,0x00000000d5700000)
  from space 512K, 94% used [0x00000000d5a00000,0x00000000d5a785a8,0x00000000d5a80000)
  to   space 512K, 0% used [0x00000000d5a80000,0x00000000d5a80000,0x00000000d5b00000)
 ParOldGen       total 734720K, used 734586K [0x0000000080000000, 0x00000000acd80000, 0x00000000d5580000)
  object space 734720K, 99% used [0x0000000080000000,0x00000000acd5eae8,0x00000000acd80000)
 Metaspace       used 73494K, committed 75008K, reserved 1179648K
  class space    used 7788K, committed 8448K, reserved 1048576K
}
Event: 120.470 GC heap before
{Heap before GC invocations=869 (full 3):
 PSYoungGen      total 2048K, used 2017K [0x00000000d5580000, 0x00000000d5b00000, 0x0000000100000000)
  eden space 1536K, 100% used [0x00000000d5580000,0x00000000d5700000,0x00000000d5700000)
  from space 512K, 94% used [0x00000000d5a00000,0x00000000d5a785a8,0x00000000d5a80000)
  to   space 512K, 0% used [0x00000000d5a80000,0x00000000d5a80000,0x00000000d5b00000)
 ParOldGen       total 734720K, used 734586K [0x0000000080000000, 0x00000000acd80000, 0x00000000d5580000)
  object space 734720K, 99% used [0x0000000080000000,0x00000000acd5eae8,0x00000000acd80000)
 Metaspace       used 73498K, committed 75008K, reserved 1179648K
  class space    used 7788K, committed 8448K, reserved 1048576K
}
Event: 120.473 GC heap after
{Heap after GC invocations=869 (full 3):
 PSYoungGen      total 2048K, used 509K [0x00000000d5580000, 0x00000000d5b00000, 0x0000000100000000)
  eden space 1536K, 0% used [0x00000000d5580000,0x00000000d5580000,0x00000000d5700000)
  from space 512K, 99% used [0x00000000d5a80000,0x00000000d5aff670,0x00000000d5b00000)
  to   space 2048K, 0% used [0x00000000d5700000,0x00000000d5700000,0x00000000d5900000)
 ParOldGen       total 735744K, used 735615K [0x0000000080000000, 0x00000000ace80000, 0x00000000d5580000)
  object space 735744K, 99% used [0x0000000080000000,0x00000000ace5ff60,0x00000000ace80000)
 Metaspace       used 73498K, committed 75008K, reserved 1179648K
  class space    used 7788K, committed 8448K, reserved 1048576K
}
Event: 120.490 GC heap before
{Heap before GC invocations=870 (full 3):
 PSYoungGen      total 2048K, used 2045K [0x00000000d5580000, 0x00000000d5b00000, 0x0000000100000000)
  eden space 1536K, 100% used [0x00000000d5580000,0x00000000d5700000,0x00000000d5700000)
  from space 512K, 99% used [0x00000000d5a80000,0x00000000d5aff670,0x00000000d5b00000)
  to   space 2048K, 0% used [0x00000000d5700000,0x00000000d5700000,0x00000000d5900000)
 ParOldGen       total 735744K, used 735615K [0x0000000080000000, 0x00000000ace80000, 0x00000000d5580000)
  object space 735744K, 99% used [0x0000000080000000,0x00000000ace5ff60,0x00000000ace80000)
 Metaspace       used 73577K, committed 75072K, reserved 1179648K
  class space    used 7808K, committed 8448K, reserved 1048576K
}
Event: 120.492 GC heap after
{Heap after GC invocations=870 (full 3):
 PSYoungGen      total 3584K, used 929K [0x00000000d5580000, 0x00000000d5b00000, 0x0000000100000000)
  eden space 1536K, 0% used [0x00000000d5580000,0x00000000d5580000,0x00000000d5700000)
  from space 2048K, 45% used [0x00000000d5700000,0x00000000d57e8728,0x00000000d5900000)
  to   space 1536K, 0% used [0x00000000d5980000,0x00000000d5980000,0x00000000d5b00000)
 ParOldGen       total 736256K, used 736150K [0x0000000080000000, 0x00000000acf00000, 0x00000000d5580000)
  object space 736256K, 99% used [0x0000000080000000,0x00000000acee59c0,0x00000000acf00000)
 Metaspace       used 73577K, committed 75072K, reserved 1179648K
  class space    used 7808K, committed 8448K, reserved 1048576K
}
Event: 129.031 GC heap before
{Heap before GC invocations=871 (full 3):
 PSYoungGen      total 3584K, used 2463K [0x00000000d5580000, 0x00000000d5b00000, 0x0000000100000000)
  eden space 1536K, 99% used [0x00000000d5580000,0x00000000d56ff4e8,0x00000000d5700000)
  from space 2048K, 45% used [0x00000000d5700000,0x00000000d57e8728,0x00000000d5900000)
  to   space 1536K, 0% used [0x00000000d5980000,0x00000000d5980000,0x00000000d5b00000)
 ParOldGen       total 736256K, used 736150K [0x0000000080000000, 0x00000000acf00000, 0x00000000d5580000)
  object space 736256K, 99% used [0x0000000080000000,0x00000000acee59c0,0x00000000acf00000)
 Metaspace       used 73589K, committed 75072K, reserved 1179648K
  class space    used 7809K, committed 8448K, reserved 1048576K
}
Event: 129.035 GC heap after
{Heap after GC invocations=871 (full 3):
 PSYoungGen      total 2048K, used 512K [0x00000000d5580000, 0x00000000d5a00000, 0x0000000100000000)
  eden space 1536K, 0% used [0x00000000d5580000,0x00000000d5580000,0x00000000d5700000)
  from space 512K, 100% used [0x00000000d5980000,0x00000000d5a00000,0x00000000d5a00000)
  to   space 1024K, 0% used [0x00000000d5800000,0x00000000d5800000,0x00000000d5900000)
 ParOldGen       total 736768K, used 736654K [0x0000000080000000, 0x00000000acf80000, 0x00000000d5580000)
  object space 736768K, 99% used [0x0000000080000000,0x00000000acf639d0,0x00000000acf80000)
 Metaspace       used 73589K, committed 75072K, reserved 1179648K
  class space    used 7809K, committed 8448K, reserved 1048576K
}

Dll operation events (14 events):
Event: 0.012 Loaded shared library c:\Users\monitor\.vscode\extensions\redhat.java-1.46.0-win32-x64\jre\21.0.8-win32-x86_64\bin\java.dll
Event: 0.074 Loaded shared library c:\Users\monitor\.vscode\extensions\redhat.java-1.46.0-win32-x64\jre\21.0.8-win32-x86_64\bin\zip.dll
Event: 0.096 Loaded shared library C:\Users\monitor\.vscode\extensions\redhat.java-1.46.0-win32-x64\jre\21.0.8-win32-x86_64\bin\instrument.dll
Event: 0.110 Loaded shared library C:\Users\monitor\.vscode\extensions\redhat.java-1.46.0-win32-x64\jre\21.0.8-win32-x86_64\bin\net.dll
Event: 0.116 Loaded shared library C:\Users\monitor\.vscode\extensions\redhat.java-1.46.0-win32-x64\jre\21.0.8-win32-x86_64\bin\nio.dll
Event: 0.126 Loaded shared library C:\Users\monitor\.vscode\extensions\redhat.java-1.46.0-win32-x64\jre\21.0.8-win32-x86_64\bin\zip.dll
Event: 0.182 Loaded shared library C:\Users\monitor\.vscode\extensions\redhat.java-1.46.0-win32-x64\jre\21.0.8-win32-x86_64\bin\jimage.dll
Event: 0.270 Loaded shared library c:\Users\monitor\.vscode\extensions\redhat.java-1.46.0-win32-x64\jre\21.0.8-win32-x86_64\bin\verify.dll
Event: 2.674 Loaded shared library C:\Users\monitor\AppData\Roaming\Code\User\globalStorage\redhat.java\1.46.0\config_win\org.eclipse.equinox.launcher\org.eclipse.equinox.launcher.win32.win32.x86_64_1.2.1400.v20250801-0854\eclipse_11916.dll
Event: 4.129 Loaded shared library C:\Users\monitor\.vscode\extensions\redhat.java-1.46.0-win32-x64\jre\21.0.8-win32-x86_64\bin\management.dll
Event: 4.131 Loaded shared library C:\Users\monitor\.vscode\extensions\redhat.java-1.46.0-win32-x64\jre\21.0.8-win32-x86_64\bin\management_ext.dll
Event: 5.797 Loaded shared library C:\Users\monitor\AppData\Local\Temp\jna-1236319578\jna6895109653278451246.dll
Event: 6.484 Loaded shared library C:\Users\monitor\.vscode\extensions\redhat.java-1.46.0-win32-x64\jre\21.0.8-win32-x86_64\bin\sunmscapi.dll
Event: 6.652 Loaded shared library C:\Users\monitor\.vscode\extensions\redhat.java-1.46.0-win32-x64\jre\21.0.8-win32-x86_64\bin\extnet.dll

Deoptimization events (20 events):
Event: 120.508 Thread 0x0000027e7d4211b0 DEOPT PACKING pc=0x0000027e083effec sp=0x000000aa0c9fd9a0
Event: 120.508 Thread 0x0000027e7d4211b0 DEOPT UNPACKING pc=0x0000027e07583aa2 sp=0x000000aa0c9fd8a0 mode 2
Event: 120.509 Thread 0x0000027e7d4211b0 Uncommon trap: trap_request=0xffffffd6 fr.pc=0x0000027e08338e74 relative=0x0000000000000714
Event: 120.509 Thread 0x0000027e7d4211b0 Uncommon trap: reason=array_check action=maybe_recompile pc=0x0000027e08338e74 method=java.util.TimSort.binarySort([Ljava/lang/Object;IIILjava/util/Comparator;)V @ 183 c2
Event: 120.509 Thread 0x0000027e7d4211b0 DEOPT PACKING pc=0x0000027e08338e74 sp=0x000000aa0c9fd6b0
Event: 120.509 Thread 0x0000027e7d4211b0 DEOPT UNPACKING pc=0x0000027e07583aa2 sp=0x000000aa0c9fd680 mode 2
Event: 120.511 Thread 0x0000027e7d4211b0 Uncommon trap: trap_request=0xffffff45 fr.pc=0x0000027e081ac14c relative=0x0000000000000a8c
Event: 120.511 Thread 0x0000027e7d4211b0 Uncommon trap: reason=unstable_if action=reinterpret pc=0x0000027e081ac14c method=org.eclipse.jdt.internal.core.util.WeakHashSet.cleanupGarbageCollectedValues()V @ 140 c2
Event: 120.511 Thread 0x0000027e7d4211b0 DEOPT PACKING pc=0x0000027e081ac14c sp=0x000000aa0c9fdf40
Event: 120.511 Thread 0x0000027e7d4211b0 DEOPT UNPACKING pc=0x0000027e07583aa2 sp=0x000000aa0c9fde48 mode 2
Event: 120.518 Thread 0x0000027e7d4211b0 Uncommon trap: trap_request=0xffffff45 fr.pc=0x0000027e0849a474 relative=0x00000000000000b4
Event: 120.518 Thread 0x0000027e7d4211b0 Uncommon trap: reason=unstable_if action=reinterpret pc=0x0000027e0849a474 method=org.eclipse.jdt.core.Signature.appendTypeSignature([CIZLjava/lang/StringBuilder;Z)I @ 197 c2
Event: 120.518 Thread 0x0000027e7d4211b0 DEOPT PACKING pc=0x0000027e0849a474 sp=0x000000aa0c9fdbd0
Event: 120.518 Thread 0x0000027e7d4211b0 DEOPT UNPACKING pc=0x0000027e07583aa2 sp=0x000000aa0c9fdb48 mode 2
Event: 120.518 Thread 0x0000027e7d4211b0 Uncommon trap: trap_request=0xffffff45 fr.pc=0x0000027e08387e30 relative=0x0000000000000d10
Event: 120.518 Thread 0x0000027e7d4211b0 Uncommon trap: reason=unstable_if action=reinterpret pc=0x0000027e08387e30 method=org.eclipse.jdt.core.Signature.appendClassTypeSignature([CIZLjava/lang/StringBuilder;)I @ 23 c2
Event: 120.518 Thread 0x0000027e7d4211b0 DEOPT PACKING pc=0x0000027e08387e30 sp=0x000000aa0c9fd8a0
Event: 120.518 Thread 0x0000027e7d4211b0 DEOPT UNPACKING pc=0x0000027e07583aa2 sp=0x000000aa0c9fd878 mode 2
Event: 120.518 Thread 0x0000027e7d4211b0 DEOPT PACKING pc=0x0000027e01856a9e sp=0x000000aa0c9fbad0
Event: 120.518 Thread 0x0000027e7d4211b0 DEOPT UNPACKING pc=0x0000027e07584242 sp=0x000000aa0c9fafb0 mode 0

Classes loaded (20 events):
Event: 29.140 Loading class java/util/concurrent/CompletableFuture$UniAccept
Event: 29.140 Loading class java/util/concurrent/CompletableFuture$UniAccept done
Event: 29.140 Loading class java/util/concurrent/CompletableFuture$UniExceptionally
Event: 29.140 Loading class java/util/concurrent/CompletableFuture$UniExceptionally done
Event: 29.490 Loading class jdk/internal/module/IllegalAccessLogger
Event: 29.490 Loading class jdk/internal/module/IllegalAccessLogger done
Event: 30.088 Loading class java/io/CharArrayWriter
Event: 30.088 Loading class java/io/CharArrayWriter done
Event: 30.094 Loading class java/nio/file/attribute/PosixFileAttributes
Event: 30.094 Loading class java/nio/file/attribute/PosixFileAttributes done
Event: 30.799 Loading class java/util/stream/ReduceOps$5
Event: 30.799 Loading class java/util/stream/ReduceOps$5 done
Event: 30.799 Loading class java/util/stream/ReduceOps$CountingSink$OfRef
Event: 30.799 Loading class java/util/stream/ReduceOps$CountingSink
Event: 30.799 Loading class java/util/stream/ReduceOps$CountingSink done
Event: 30.800 Loading class java/util/stream/ReduceOps$CountingSink$OfRef done
Event: 30.899 Loading class java/util/stream/ReduceOps$1
Event: 30.899 Loading class java/util/stream/ReduceOps$1 done
Event: 30.899 Loading class java/util/stream/ReduceOps$1ReducingSink
Event: 30.899 Loading class java/util/stream/ReduceOps$1ReducingSink done

Classes unloaded (17 events):
Event: 4.690 Thread 0x0000027e6df74960 Unloading class 0x0000027e101b1400 'java/lang/invoke/LambdaForm$MH+0x0000027e101b1400'
Event: 4.690 Thread 0x0000027e6df74960 Unloading class 0x0000027e101b1000 'java/lang/invoke/LambdaForm$MH+0x0000027e101b1000'
Event: 4.690 Thread 0x0000027e6df74960 Unloading class 0x0000027e101b0c00 'java/lang/invoke/LambdaForm$MH+0x0000027e101b0c00'
Event: 4.690 Thread 0x0000027e6df74960 Unloading class 0x0000027e101b0800 'java/lang/invoke/LambdaForm$MH+0x0000027e101b0800'
Event: 4.690 Thread 0x0000027e6df74960 Unloading class 0x0000027e101b0400 'java/lang/invoke/LambdaForm$BMH+0x0000027e101b0400'
Event: 4.690 Thread 0x0000027e6df74960 Unloading class 0x0000027e101b0000 'java/lang/invoke/LambdaForm$DMH+0x0000027e101b0000'
Event: 4.690 Thread 0x0000027e6df74960 Unloading class 0x0000027e101aec00 'java/lang/invoke/LambdaForm$DMH+0x0000027e101aec00'
Event: 6.281 Thread 0x0000027e6df74960 Unloading class 0x0000027e10312400 'java/lang/invoke/LambdaForm$MH+0x0000027e10312400'
Event: 6.281 Thread 0x0000027e6df74960 Unloading class 0x0000027e10311800 'java/lang/invoke/LambdaForm$MH+0x0000027e10311800'
Event: 6.281 Thread 0x0000027e6df74960 Unloading class 0x0000027e10311000 'java/lang/invoke/LambdaForm$MH+0x0000027e10311000'
Event: 6.281 Thread 0x0000027e6df74960 Unloading class 0x0000027e10310800 'java/lang/invoke/LambdaForm$MH+0x0000027e10310800'
Event: 6.281 Thread 0x0000027e6df74960 Unloading class 0x0000027e10310400 'java/lang/invoke/LambdaForm$DMH+0x0000027e10310400'
Event: 20.546 Thread 0x0000027e6df74960 Unloading class 0x0000027e1063dc00 'java/lang/invoke/LambdaForm$DMH+0x0000027e1063dc00'
Event: 20.546 Thread 0x0000027e6df74960 Unloading class 0x0000027e1063d800 'java/lang/invoke/LambdaForm$DMH+0x0000027e1063d800'
Event: 20.546 Thread 0x0000027e6df74960 Unloading class 0x0000027e1063d000 'java/lang/invoke/LambdaForm$DMH+0x0000027e1063d000'
Event: 20.546 Thread 0x0000027e6df74960 Unloading class 0x0000027e1063d400 'java/lang/invoke/LambdaForm$DMH+0x0000027e1063d400'
Event: 20.546 Thread 0x0000027e6df74960 Unloading class 0x0000027e105b4800 'java/lang/invoke/LambdaForm$DMH+0x0000027e105b4800'

Classes redefined (0 events):
No events

Internal exceptions (20 events):
Event: 45.574 Thread 0x0000027e7cb70b70 Exception <a 'sun/nio/fs/WindowsException'{0x00000000d5812468}> (0x00000000d5812468) 
thrown [s\src\hotspot\share\prims\jni.cpp, line 520]
Event: 45.861 Thread 0x0000027e7cb70b70 Exception <a 'sun/nio/fs/WindowsException'{0x00000000d5733d30}> (0x00000000d5733d30) 
thrown [s\src\hotspot\share\prims\jni.cpp, line 520]
Event: 45.899 Thread 0x0000027e7cb70b70 Exception <a 'sun/nio/fs/WindowsException'{0x00000000d5802c28}> (0x00000000d5802c28) 
thrown [s\src\hotspot\share\prims\jni.cpp, line 520]
Event: 45.941 Thread 0x0000027e7cb70b70 Exception <a 'sun/nio/fs/WindowsException'{0x00000000d569b0f8}> (0x00000000d569b0f8) 
thrown [s\src\hotspot\share\prims\jni.cpp, line 520]
Event: 45.986 Thread 0x0000027e7cb70b70 Exception <a 'sun/nio/fs/WindowsException'{0x00000000d5638398}> (0x00000000d5638398) 
thrown [s\src\hotspot\share\prims\jni.cpp, line 520]
Event: 46.055 Thread 0x0000027e7cb70b70 Exception <a 'sun/nio/fs/WindowsException'{0x00000000d572a5b0}> (0x00000000d572a5b0) 
thrown [s\src\hotspot\share\prims\jni.cpp, line 520]
Event: 46.092 Thread 0x0000027e7cb70b70 Exception <a 'sun/nio/fs/WindowsException'{0x00000000d5823dc8}> (0x00000000d5823dc8) 
thrown [s\src\hotspot\share\prims\jni.cpp, line 520]
Event: 46.148 Thread 0x0000027e7cb70b70 Exception <a 'sun/nio/fs/WindowsException'{0x00000000d56821e8}> (0x00000000d56821e8) 
thrown [s\src\hotspot\share\prims\jni.cpp, line 520]
Event: 46.173 Thread 0x0000027e7cb70b70 Exception <a 'sun/nio/fs/WindowsException'{0x00000000d56fb748}> (0x00000000d56fb748) 
thrown [s\src\hotspot\share\prims\jni.cpp, line 520]
Event: 46.221 Thread 0x0000027e7cb70b70 Exception <a 'sun/nio/fs/WindowsException'{0x00000000d560a230}> (0x00000000d560a230) 
thrown [s\src\hotspot\share\prims\jni.cpp, line 520]
Event: 46.253 Thread 0x0000027e7cb70b70 Exception <a 'sun/nio/fs/WindowsException'{0x00000000d56d4668}> (0x00000000d56d4668) 
thrown [s\src\hotspot\share\prims\jni.cpp, line 520]
Event: 46.301 Thread 0x0000027e7cb70b70 Exception <a 'sun/nio/fs/WindowsException'{0x00000000d56e3f80}> (0x00000000d56e3f80) 
thrown [s\src\hotspot\share\prims\jni.cpp, line 520]
Event: 46.326 Thread 0x0000027e7cb70b70 Exception <a 'sun/nio/fs/WindowsException'{0x00000000d57ec990}> (0x00000000d57ec990) 
thrown [s\src\hotspot\share\prims\jni.cpp, line 520]
Event: 46.354 Thread 0x0000027e7cb70b70 Exception <a 'sun/nio/fs/WindowsException'{0x00000000d58557a8}> (0x00000000d58557a8) 
thrown [s\src\hotspot\share\prims\jni.cpp, line 520]
Event: 46.594 Thread 0x0000027e7cb70b70 Exception <a 'sun/nio/fs/WindowsException'{0x00000000d55982b8}> (0x00000000d55982b8) 
thrown [s\src\hotspot\share\prims\jni.cpp, line 520]
Event: 46.671 Thread 0x0000027e7cb70b70 Exception <a 'sun/nio/fs/WindowsException'{0x00000000d584d598}> (0x00000000d584d598) 
thrown [s\src\hotspot\share\prims\jni.cpp, line 520]
Event: 46.693 Thread 0x0000027e7cb70b70 Exception <a 'sun/nio/fs/WindowsException'{0x00000000d5673c98}> (0x00000000d5673c98) 
thrown [s\src\hotspot\share\prims\jni.cpp, line 520]
Event: 120.436 Thread 0x0000027e7d4211b0 Exception <a 'java/lang/IncompatibleClassChangeError'{0x00000000d56adf00}: Found class java.lang.Object, but interface was expected> (0x00000000d56adf00) 
thrown [s\src\hotspot\share\interpreter\linkResolver.cpp, line 840]
Event: 120.488 Thread 0x0000027e7d4211b0 Implicit null exception at 0x0000027e084862e3 to 0x0000027e08486970
Event: 127.378 Thread 0x0000027e7dfae100 Exception <a 'java/lang/IncompatibleClassChangeError'{0x00000000d56fe290}: Found class java.lang.Object, but interface was expected> (0x00000000d56fe290) 
thrown [s\src\hotspot\share\interpreter\linkResolver.cpp, line 840]

ZGC Phase Switch (0 events):
No events

VM Operations (20 events):
Event: 120.437 Executing VM operation: ParallelGCFailedAllocation (Allocation Failure)
Event: 120.439 Executing VM operation: ParallelGCFailedAllocation (Allocation Failure) done
Event: 120.445 Executing VM operation: ParallelGCFailedAllocation (Allocation Failure)
Event: 120.448 Executing VM operation: ParallelGCFailedAllocation (Allocation Failure) done
Event: 120.459 Executing VM operation: ParallelGCFailedAllocation (Allocation Failure)
Event: 120.461 Executing VM operation: ParallelGCFailedAllocation (Allocation Failure) done
Event: 120.470 Executing VM operation: ParallelGCFailedAllocation (Allocation Failure)
Event: 120.473 Executing VM operation: ParallelGCFailedAllocation (Allocation Failure) done
Event: 120.482 Executing VM operation: HandshakeAllThreads (Deoptimize)
Event: 120.483 Executing VM operation: HandshakeAllThreads (Deoptimize) done
Event: 120.490 Executing VM operation: ParallelGCFailedAllocation (Allocation Failure)
Event: 120.492 Executing VM operation: ParallelGCFailedAllocation (Allocation Failure) done
Event: 121.498 Executing VM operation: Cleanup
Event: 121.498 Executing VM operation: Cleanup done
Event: 129.031 Executing VM operation: ParallelGCFailedAllocation (Allocation Failure)
Event: 129.035 Executing VM operation: ParallelGCFailedAllocation (Allocation Failure) done
Event: 180.291 Executing VM operation: HandshakeAllThreads (HandshakeForDeflation)
Event: 180.291 Executing VM operation: HandshakeAllThreads (HandshakeForDeflation) done
Event: 180.291 Executing VM operation: RendezvousGCThreads
Event: 180.291 Executing VM operation: RendezvousGCThreads done

Memory protections (0 events):
No events

Nmethod flushes (20 events):
Event: 20.561 Thread 0x0000027e6df74960 flushing  nmethod 0x0000027e00761310
Event: 20.561 Thread 0x0000027e6df74960 flushing  nmethod 0x0000027e0078c890
Event: 20.561 Thread 0x0000027e6df74960 flushing  nmethod 0x0000027e0079a210
Event: 20.561 Thread 0x0000027e6df74960 flushing  nmethod 0x0000027e0079ba90
Event: 20.561 Thread 0x0000027e6df74960 flushing  nmethod 0x0000027e0079c310
Event: 20.561 Thread 0x0000027e6df74960 flushing  nmethod 0x0000027e0079c910
Event: 20.561 Thread 0x0000027e6df74960 flushing  nmethod 0x0000027e007a0190
Event: 20.561 Thread 0x0000027e6df74960 flushing  nmethod 0x0000027e007a0910
Event: 20.561 Thread 0x0000027e6df74960 flushing  nmethod 0x0000027e007a2790
Event: 20.561 Thread 0x0000027e6df74960 flushing  nmethod 0x0000027e007aae10
Event: 20.561 Thread 0x0000027e6df74960 flushing  nmethod 0x0000027e007afd90
Event: 20.561 Thread 0x0000027e6df74960 flushing  nmethod 0x0000027e007b8f90
Event: 20.561 Thread 0x0000027e6df74960 flushing  nmethod 0x0000027e007bb610
Event: 20.561 Thread 0x0000027e6df74960 flushing  nmethod 0x0000027e007da810
Event: 20.561 Thread 0x0000027e6df74960 flushing  nmethod 0x0000027e007eec10
Event: 20.561 Thread 0x0000027e6df74960 flushing  nmethod 0x0000027e007f2610
Event: 20.561 Thread 0x0000027e6df74960 flushing  nmethod 0x0000027e0085a910
Event: 20.561 Thread 0x0000027e6df74960 flushing  nmethod 0x0000027e0085c790
Event: 20.561 Thread 0x0000027e6df74960 flushing  nmethod 0x0000027e0086ef10
Event: 20.561 Thread 0x0000027e6df74960 flushing  nmethod 0x0000027e00870990

Events (20 events):
Event: 47.353 Thread 0x0000027e50b33fe0 Thread added: 0x0000027e7d4211b0
Event: 47.353 Thread 0x0000027e7d420b20 Thread added: 0x0000027e7d421840
Event: 47.353 Thread 0x0000027e76ce9890 Thread added: 0x0000027e7db02950
Event: 47.354 Thread 0x0000027e7d4211b0 Thread added: 0x0000027e7d424cc0
Event: 47.354 Thread 0x0000027e7d421840 Thread added: 0x0000027e7d421ed0
Event: 47.354 Thread 0x0000027e7d424cc0 Thread added: 0x0000027e7d422bf0
Event: 47.354 Thread 0x0000027e7d421ed0 Thread added: 0x0000027e7d423280
Event: 52.683 Thread 0x0000027e7db02950 Thread exited: 0x0000027e7db02950
Event: 89.494 Thread 0x0000027e50b31f10 Thread exited: 0x0000027e50b31f10
Event: 106.685 Thread 0x0000027e7cb72c40 Thread exited: 0x0000027e7cb72c40
Event: 106.685 Thread 0x0000027e7cb725b0 Thread exited: 0x0000027e7cb725b0
Event: 106.685 Thread 0x0000027e7dfab9a0 Thread exited: 0x0000027e7dfab9a0
Event: 107.363 Thread 0x0000027e7cb73960 Thread exited: 0x0000027e7cb73960
Event: 107.473 Thread 0x0000027e7d41dd30 Thread exited: 0x0000027e7d41dd30
Event: 120.445 Thread 0x0000027e76ce9890 Thread added: 0x0000027e7db02950
Event: 120.445 Thread 0x0000027e76ce9890 Thread added: 0x0000027e508c74f0
Event: 122.696 Thread 0x0000027e508c74f0 Thread exited: 0x0000027e508c74f0
Event: 127.696 Thread 0x0000027e7db02950 Thread exited: 0x0000027e7db02950
Event: 180.529 Thread 0x0000027e7d4211b0 Thread exited: 0x0000027e7d4211b0
Event: 240.529 Thread 0x0000027e7d424cc0 Thread exited: 0x0000027e7d424cc0


Dynamic libraries:
0x00007ff7212e0000 - 0x00007ff7212ee000 	c:\Users\monitor\.vscode\extensions\redhat.java-1.46.0-win32-x64\jre\21.0.8-win32-x86_64\bin\java.exe
0x00007ff9c1140000 - 0x00007ff9c13a7000 	C:\WINDOWS\SYSTEM32\ntdll.dll
0x00007ff9c0120000 - 0x00007ff9c01e9000 	C:\WINDOWS\System32\KERNEL32.DLL
0x00007ff9bead0000 - 0x00007ff9beec0000 	C:\WINDOWS\System32\KERNELBASE.dll
0x00007ff9be3f0000 - 0x00007ff9be53b000 	C:\WINDOWS\System32\ucrtbase.dll
0x00007ff9673d0000 - 0x00007ff9673e8000 	c:\Users\monitor\.vscode\extensions\redhat.java-1.46.0-win32-x64\jre\21.0.8-win32-x86_64\bin\jli.dll
0x00007ff965f50000 - 0x00007ff965f6e000 	c:\Users\monitor\.vscode\extensions\redhat.java-1.46.0-win32-x64\jre\21.0.8-win32-x86_64\bin\VCRUNTIME140.dll
0x00007ff9c0e80000 - 0x00007ff9c1045000 	C:\WINDOWS\System32\USER32.dll
0x00007ff9ae550000 - 0x00007ff9ae7ea000 	C:\WINDOWS\WinSxS\amd64_microsoft.windows.common-controls_6595b64144ccf1df_6.0.26100.4768_none_3e0c112ce331287c\COMCTL32.dll
0x00007ff9be310000 - 0x00007ff9be337000 	C:\WINDOWS\System32\win32u.dll
0x00007ff9c0700000 - 0x00007ff9c072b000 	C:\WINDOWS\System32\GDI32.dll
0x00007ff9bf360000 - 0x00007ff9bf409000 	C:\WINDOWS\System32\msvcrt.dll
0x00007ff9be540000 - 0x00007ff9be678000 	C:\WINDOWS\System32\gdi32full.dll
0x00007ff9be340000 - 0x00007ff9be3e3000 	C:\WINDOWS\System32\msvcp_win.dll
0x00007ff9bfb90000 - 0x00007ff9bfbbf000 	C:\WINDOWS\System32\IMM32.DLL
0x00007ff9a2400000 - 0x00007ff9a240c000 	c:\Users\monitor\.vscode\extensions\redhat.java-1.46.0-win32-x64\jre\21.0.8-win32-x86_64\bin\vcruntime140_1.dll
0x00007ff965ec0000 - 0x00007ff965f4d000 	c:\Users\monitor\.vscode\extensions\redhat.java-1.46.0-win32-x64\jre\21.0.8-win32-x86_64\bin\msvcp140.dll
0x00007ff9618e0000 - 0x00007ff962677000 	c:\Users\monitor\.vscode\extensions\redhat.java-1.46.0-win32-x64\jre\21.0.8-win32-x86_64\bin\server\jvm.dll
0x00007ff9bf0e0000 - 0x00007ff9bf194000 	C:\WINDOWS\System32\ADVAPI32.dll
0x00007ff9c1050000 - 0x00007ff9c10f6000 	C:\WINDOWS\System32\sechost.dll
0x00007ff9c0730000 - 0x00007ff9c0848000 	C:\WINDOWS\System32\RPCRT4.dll
0x00007ff9bfc80000 - 0x00007ff9bfcf4000 	C:\WINDOWS\System32\WS2_32.dll
0x00007ff9be0f0000 - 0x00007ff9be14e000 	C:\WINDOWS\SYSTEM32\POWRPROF.dll
0x00007ff9b5500000 - 0x00007ff9b5535000 	C:\WINDOWS\SYSTEM32\WINMM.dll
0x00007ff9b54b0000 - 0x00007ff9b54bb000 	C:\WINDOWS\SYSTEM32\VERSION.dll
0x00007ff9be0b0000 - 0x00007ff9be0c4000 	C:\WINDOWS\SYSTEM32\UMPDC.dll
0x00007ff9bcfb0000 - 0x00007ff9bcfcb000 	C:\WINDOWS\SYSTEM32\kernel.appcore.dll
0x00007ff9a1f00000 - 0x00007ff9a1f0a000 	c:\Users\monitor\.vscode\extensions\redhat.java-1.46.0-win32-x64\jre\21.0.8-win32-x86_64\bin\jimage.dll
0x00007ff9a1640000 - 0x00007ff9a1881000 	C:\WINDOWS\SYSTEM32\DBGHELP.DLL
0x00007ff9c0a50000 - 0x00007ff9c0dd5000 	C:\WINDOWS\System32\combase.dll
0x00007ff9bf200000 - 0x00007ff9bf2e0000 	C:\WINDOWS\System32\OLEAUT32.dll
0x00007ff9a27c0000 - 0x00007ff9a2803000 	C:\WINDOWS\SYSTEM32\dbgcore.DLL
0x00007ff9be270000 - 0x00007ff9be309000 	C:\WINDOWS\System32\bcryptPrimitives.dll
0x00007ff9a1c60000 - 0x00007ff9a1c6f000 	c:\Users\monitor\.vscode\extensions\redhat.java-1.46.0-win32-x64\jre\21.0.8-win32-x86_64\bin\instrument.dll
0x00007ff965ea0000 - 0x00007ff965ebf000 	c:\Users\monitor\.vscode\extensions\redhat.java-1.46.0-win32-x64\jre\21.0.8-win32-x86_64\bin\java.dll
0x00007ff9bf410000 - 0x00007ff9bfb5d000 	C:\WINDOWS\System32\SHELL32.dll
0x00007ff9be680000 - 0x00007ff9be7f3000 	C:\WINDOWS\System32\wintypes.dll
0x00007ff9bbc20000 - 0x00007ff9bc480000 	C:\WINDOWS\SYSTEM32\windows.storage.dll
0x00007ff9c0020000 - 0x00007ff9c0115000 	C:\WINDOWS\System32\SHCORE.dll
0x00007ff9bf2f0000 - 0x00007ff9bf35a000 	C:\WINDOWS\System32\shlwapi.dll
0x00007ff9be160000 - 0x00007ff9be189000 	C:\WINDOWS\SYSTEM32\profapi.dll
0x00007ff965e80000 - 0x00007ff965e98000 	c:\Users\monitor\.vscode\extensions\redhat.java-1.46.0-win32-x64\jre\21.0.8-win32-x86_64\bin\zip.dll
0x00007ff999d20000 - 0x00007ff999d30000 	C:\Users\monitor\.vscode\extensions\redhat.java-1.46.0-win32-x64\jre\21.0.8-win32-x86_64\bin\net.dll
0x00007ff9b7df0000 - 0x00007ff9b7f0e000 	C:\WINDOWS\SYSTEM32\WINHTTP.dll
0x00007ff9bd520000 - 0x00007ff9bd58b000 	C:\WINDOWS\system32\mswsock.dll
0x00007ff965e60000 - 0x00007ff965e76000 	C:\Users\monitor\.vscode\extensions\redhat.java-1.46.0-win32-x64\jre\21.0.8-win32-x86_64\bin\nio.dll
0x00007ff999480000 - 0x00007ff999490000 	c:\Users\monitor\.vscode\extensions\redhat.java-1.46.0-win32-x64\jre\21.0.8-win32-x86_64\bin\verify.dll
0x00007ff965dc0000 - 0x00007ff965e04000 	C:\Users\monitor\AppData\Roaming\Code\User\globalStorage\redhat.java\1.46.0\config_win\org.eclipse.equinox.launcher\org.eclipse.equinox.launcher.win32.win32.x86_64_1.2.1400.v20250801-0854\eclipse_11916.dll
0x00007ff9bfd00000 - 0x00007ff9bfea0000 	C:\WINDOWS\System32\ole32.dll
0x00007ff9b4020000 - 0x00007ff9b402a000 	C:\Users\monitor\.vscode\extensions\redhat.java-1.46.0-win32-x64\jre\21.0.8-win32-x86_64\bin\management.dll
0x00007ff9ad380000 - 0x00007ff9ad38b000 	C:\Users\monitor\.vscode\extensions\redhat.java-1.46.0-win32-x64\jre\21.0.8-win32-x86_64\bin\management_ext.dll
0x00007ff9c0e70000 - 0x00007ff9c0e78000 	C:\WINDOWS\System32\PSAPI.DLL
0x00007ff9bd900000 - 0x00007ff9bd91b000 	C:\WINDOWS\SYSTEM32\CRYPTSP.dll
0x00007ff9bcf10000 - 0x00007ff9bcf4b000 	C:\WINDOWS\system32\rsaenh.dll
0x00007ff9bd5c0000 - 0x00007ff9bd5eb000 	C:\WINDOWS\SYSTEM32\USERENV.dll
0x00007ff9be190000 - 0x00007ff9be1b6000 	C:\WINDOWS\SYSTEM32\bcrypt.dll
0x00007ff9bd760000 - 0x00007ff9bd76c000 	C:\WINDOWS\SYSTEM32\CRYPTBASE.dll
0x00007ff9bc630000 - 0x00007ff9bc663000 	C:\WINDOWS\SYSTEM32\IPHLPAPI.DLL
0x00007ff9bf0d0000 - 0x00007ff9bf0da000 	C:\WINDOWS\System32\NSI.dll
0x00007ff972890000 - 0x00007ff9728d9000 	C:\Users\monitor\AppData\Local\Temp\jna-1236319578\jna6895109653278451246.dll
0x00007ff9b82d0000 - 0x00007ff9b82ef000 	C:\WINDOWS\SYSTEM32\dhcpcsvc6.DLL
0x00007ff9b81c0000 - 0x00007ff9b81e5000 	C:\WINDOWS\SYSTEM32\dhcpcsvc.DLL
0x00007ff9a9680000 - 0x00007ff9a968e000 	C:\Users\monitor\.vscode\extensions\redhat.java-1.46.0-win32-x64\jre\21.0.8-win32-x86_64\bin\sunmscapi.dll
0x00007ff9be800000 - 0x00007ff9be977000 	C:\WINDOWS\System32\CRYPT32.dll
0x00007ff9bda60000 - 0x00007ff9bda90000 	C:\WINDOWS\SYSTEM32\ncrypt.dll
0x00007ff9bda10000 - 0x00007ff9bda4f000 	C:\WINDOWS\SYSTEM32\NTASN1.dll
0x00007ff9bc770000 - 0x00007ff9bc896000 	C:\WINDOWS\SYSTEM32\DNSAPI.dll
0x00007ff9b6b60000 - 0x00007ff9b6b6b000 	C:\Windows\System32\rasadhlp.dll
0x00007ff9b8e40000 - 0x00007ff9b8ec6000 	C:\WINDOWS\System32\fwpuclnt.dll
0x00007ff9a9580000 - 0x00007ff9a9589000 	C:\Users\monitor\.vscode\extensions\redhat.java-1.46.0-win32-x64\jre\21.0.8-win32-x86_64\bin\extnet.dll
0x00007ff9bd0e0000 - 0x00007ff9bd116000 	C:\WINDOWS\SYSTEM32\ntmarta.dll

JVMTI agents:
c:\Users\monitor\.vscode\extensions\redhat.java-1.46.0-win32-x64\lombok\lombok-1.18.39-4050.jar path:c:\Users\monitor\.vscode\extensions\redhat.java-1.46.0-win32-x64\jre\21.0.8-win32-x86_64\bin\instrument.dll, loaded, initialized, instrumentlib options:none

dbghelp: loaded successfully - version: 4.0.5 - missing functions: none
symbol engine: initialized successfully - sym options: 0x614 - pdb path: .;c:\Users\monitor\.vscode\extensions\redhat.java-1.46.0-win32-x64\jre\21.0.8-win32-x86_64\bin;C:\WINDOWS\SYSTEM32;C:\WINDOWS\WinSxS\amd64_microsoft.windows.common-controls_6595b64144ccf1df_6.0.26100.4768_none_3e0c112ce331287c;c:\Users\monitor\.vscode\extensions\redhat.java-1.46.0-win32-x64\jre\21.0.8-win32-x86_64\bin\server;C:\Users\monitor\AppData\Roaming\Code\User\globalStorage\redhat.java\1.46.0\config_win\org.eclipse.equinox.launcher\org.eclipse.equinox.launcher.win32.win32.x86_64_1.2.1400.v20250801-0854;C:\Users\monitor\AppData\Local\Temp\jna-1236319578

VM Arguments:
jvm_args: --add-modules=ALL-SYSTEM --add-opens=java.base/java.util=ALL-UNNAMED --add-opens=java.base/java.lang=ALL-UNNAMED --add-opens=java.base/sun.nio.fs=ALL-UNNAMED -Declipse.application=org.eclipse.jdt.ls.core.id1 -Dosgi.bundles.defaultStartLevel=4 -Declipse.product=org.eclipse.jdt.ls.core.product -Djava.import.generatesMetadataFilesAtProjectRoot=false -DDetectVMInstallationsJob.disabled=true -Dfile.encoding=utf8 -XX:+UseParallelGC -XX:GCTimeRatio=4 -XX:AdaptiveSizePolicyWeight=90 -Dsun.zip.disableMemoryMapping=true -Xmx2G -Xms100m -Xlog:disable -javaagent:c:\Users\monitor\.vscode\extensions\redhat.java-1.46.0-win32-x64\lombok\lombok-1.18.39-4050.jar -XX:+HeapDumpOnOutOfMemoryError -XX:HeapDumpPath=c:\Users\monitor\AppData\Roaming\Code\User\workspaceStorage\6b50f5073e52ac6bebca02b824410f59\redhat.java -Daether.dependencyCollector.impl=bf 
java_command: c:\Users\monitor\.vscode\extensions\redhat.java-1.46.0-win32-x64\server\plugins\org.eclipse.equinox.launcher_1.7.0.v20250519-0528.jar -configuration c:\Users\monitor\AppData\Roaming\Code\User\globalStorage\redhat.java\1.46.0\config_win -data c:\Users\monitor\AppData\Roaming\Code\User\workspaceStorage\6b50f5073e52ac6bebca02b824410f59\redhat.java\jdt_ws --pipe=\\.\pipe\lsp-16093ab2522237cc677a34159a86fe79-sock
java_class_path (initial): c:\Users\monitor\.vscode\extensions\redhat.java-1.46.0-win32-x64\server\plugins\org.eclipse.equinox.launcher_1.7.0.v20250519-0528.jar
Launcher Type: SUN_STANDARD

[Global flags]
    uintx AdaptiveSizePolicyWeight                 = 90                                        {product} {command line}
     intx CICompilerCount                          = 4                                         {product} {ergonomic}
    uintx GCTimeRatio                              = 4                                         {product} {command line}
     bool HeapDumpOnOutOfMemoryError               = true                                   {manageable} {command line}
    ccstr HeapDumpPath                             = c:\Users\monitor\AppData\Roaming\Code\User\workspaceStorage\6b50f5073e52ac6bebca02b824410f59\redhat.java         {manageable} {command line}
   size_t InitialHeapSize                          = 104857600                                 {product} {command line}
   size_t MaxHeapSize                              = 2147483648                                {product} {command line}
   size_t MaxNewSize                               = 715653120                                 {product} {ergonomic}
   size_t MinHeapDeltaBytes                        = 524288                                    {product} {ergonomic}
   size_t MinHeapSize                              = 104857600                                 {product} {command line}
   size_t NewSize                                  = 34603008                                  {product} {ergonomic}
    uintx NonNMethodCodeHeapSize                   = 5839372                                {pd product} {ergonomic}
    uintx NonProfiledCodeHeapSize                  = 122909434                              {pd product} {ergonomic}
   size_t OldSize                                  = 70254592                                  {product} {ergonomic}
    uintx ProfiledCodeHeapSize                     = 122909434                              {pd product} {ergonomic}
    uintx ReservedCodeCacheSize                    = 251658240                              {pd product} {ergonomic}
     bool SegmentedCodeCache                       = true                                      {product} {ergonomic}
   size_t SoftMaxHeapSize                          = 2147483648                             {manageable} {ergonomic}
     bool UseCompressedOops                        = true                           {product lp64_product} {ergonomic}
     bool UseLargePagesIndividualAllocation        = false                                  {pd product} {ergonomic}
     bool UseParallelGC                            = true                                      {product} {command line}

Logging:
Log output configuration:
 #0: stdout all=off uptime,level,tags foldmultilines=false
 #1: stderr all=off uptime,level,tags foldmultilines=false

Environment Variables:
JAVA_HOME=C:\Program Files\Java\jdk-17
PATH=C:\Program Files (x86)\VMware\VMware Workstation\bin\;C:\Program Files\Java\jdk-17\bin;C:\Program Files\Java\jdk-21\bin;C:\Program Files\Java\jdk-1.8\bin;C:\Program Files\Common Files\Oracle\Java\javapath;C:\Program Files (x86)\Common Files\Oracle\Java\javapath;C:\Program Files\Python311\Scripts\;C:\Program Files\Python311\;C:\Program Files (x86)\Intel\iCLS Client\;C:\Program Files\Intel\iCLS Client\;C:\WINDOWS\system32;C:\WINDOWS;C:\WINDOWS\System32\Wbem;C:\WINDOWS\System32\WindowsPowerShell\v1.0\;C:\WINDOWS\System32\OpenSSH\;C:\Program Files\Intel\Intel(R) Management Engine Components\DAL;C:\Program Files\Intel\Intel(R) Management Engine Components\IPT;C:\Program Files (x86)\Intel\Intel(R) Management Engine Components\DAL;C:\Program Files (x86)\Intel\Intel(R) Management Engine Components\IPT;C:\Program Files\PuTTY\;C:\Program Files\Maven\apache-maven-3.9.6\bin;C:\Program Files\dotnet\;C:\Program Files (x86)\dotnet\;C:\Program Files\Amazon\AWSCLIV2\;C:\Program Files\swipl\bin;C:\Program Files\nodejs\;C:\Program Files\Git\cmd;C:\Program Files\Gradle\gradle-8.11\bin;;C:\Program Files\Docker\Docker\resources\bin;C:\Program Files\PowerShell\7\;C:\Users\monitor\AppData\Local\Microsoft\WindowsApps;C:\Users\monitor\AppData\Local\Microsoft\WinGet\Packages\pnpm.pnpm_Microsoft.Winget.Source_8wekyb3d8bbwe;C:\Users\monitor\AppData\Local\GitHubDesktop\bin;C:\ProgramData\Julia\bin;C:\Users\monitor\AppData\Local\Programs\Microsoft VS Code\bin
USERNAME=monitor
OS=Windows_NT
PROCESSOR_IDENTIFIER=Intel64 Family 6 Model 158 Stepping 10, GenuineIntel
TMP=C:\Users\monitor\AppData\Local\Temp
TEMP=C:\Users\monitor\AppData\Local\Temp




Periodic native trim disabled

---------------  S Y S T E M  ---------------

OS:
 Windows 11 , 64 bit Build 26100 (10.0.26100.4768)
OS uptime: 0 days 10:28 hours
Hyper-V role detected

CPU: total 12 (initial active 12) (6 cores per cpu, 2 threads per core) family 6 model 158 stepping 10 microcode 0xf8, cx8, cmov, fxsr, ht, mmx, 3dnowpref, sse, sse2, sse3, ssse3, sse4.1, sse4.2, popcnt, lzcnt, tsc, tscinvbit, avx, avx2, aes, erms, clmul, bmi1, bmi2, rtm, adx, fma, vzeroupper, clflush, clflushopt, hv, rdtscp, f16c
Processor Information for the first 12 processors :
  Max Mhz: 3192, Current Mhz: 3192, Mhz Limit: 3192

Memory: 4k page, system-wide physical 16207M (2705M free)
TotalPageFile size 17871M (AvailPageFile size 124M)
current process WorkingSet (physical memory assigned to process): 1062M, peak: 1106M
current process commit charge ("private bytes"): 1027M, peak: 1068M

vm_info: OpenJDK 64-Bit Server VM (21.0.8+9-LTS) for windows-amd64 JRE (21.0.8+9-LTS), built on 2025-07-15T00:00:00Z by "admin" with MS VC++ 17.7 (VS2022)

END.
